[2025-03-21 12:44:58] Server     INFO  Apache Jena Fuseki 4.6.1
[2025-03-21 12:44:58] Server     INFO  Configuration file: ../.fuseki.ttl
[2025-03-21 12:44:58] Server     INFO  Path = /Actuator
[2025-03-21 12:44:58] Server     INFO  System
[2025-03-21 12:44:58] Server     INFO    Memory: 15,9 GiB
[2025-03-21 12:44:58] Server     INFO    Java:   17.0.12
[2025-03-21 12:44:58] Server     INFO    OS:     Windows 11 10.0 amd64
[2025-03-21 12:44:58] Server     INFO    PID:    11900
[2025-03-21 12:44:58] Server     INFO  Start Fuseki (http=3030)
[2025-03-21 12:45:02] Fuseki     INFO  [1] GET http://localhost:3030/Actuator/sparql?query=select%20?g%20%7B%20graph%20?g%20%7B%20?o%20a%20%3Chttp://www.w3.org/2002/07/owl%23Ontology%3E%20%7D%20%7D
[2025-03-21 12:45:02] Fuseki     INFO  [1] Query = select ?g { graph ?g { ?o a <http://www.w3.org/2002/07/owl#Ontology> } }
[2025-03-21 12:45:02] Fuseki     INFO  [1] 200 OK (30 ms)
[2025-03-21 12:45:02] Fuseki     INFO  [2] PUT http://localhost:3030/Actuator?graph=http://example.com/actuator/description/bundle/individuals
[2025-03-21 12:45:02] Fuseki     INFO  [3] PUT http://localhost:3030/Actuator?graph=http://example.com/actuator/description/bundle/classes
[2025-03-21 12:45:02] Fuseki     INFO  [4] PUT http://localhost:3030/Actuator?graph=http://example.com/actuator/vocabulary/base
[2025-03-21 12:45:02] Fuseki     INFO  [5] PUT http://localhost:3030/Actuator?graph=http://example.com/actuator/description/bundle/properties
[2025-03-21 12:45:02] Fuseki     INFO  [6] PUT http://localhost:3030/Actuator?graph=http://example.com/actuator/description/usecases
[2025-03-21 12:45:02] Fuseki     INFO  [7] PUT http://localhost:3030/Actuator?graph=http://example.com/actuator/vocabulary/actuator
[2025-03-21 12:45:02] Fuseki     INFO  [8] PUT http://localhost:3030/Actuator?graph=http://example.com/actuator/description/bundle
[2025-03-21 12:45:02] Fuseki     INFO  [9] PUT http://localhost:3030/Actuator?graph=http://example.com/actuator/description/objectives
[2025-03-21 12:45:02] Fuseki     INFO  [10] PUT http://localhost:3030/Actuator?graph=http://example.com/actuator/vocabulary/bundle
[2025-03-21 12:45:02] Fuseki     INFO  [11] PUT http://localhost:3030/Actuator?graph=http://purl.org/dc/elements/1.1
[2025-03-21 12:45:02] Fuseki     INFO  [2] Body: Content-Length=10286, Content-Type=text/turtle, Charset=null => Turtle : Count=113 Triples=113 Quads=0
[2025-03-21 12:45:02] Fuseki     INFO  [2] 201 Created (50 ms)
[2025-03-21 12:45:02] Fuseki     INFO  [3] Body: Content-Length=3039, Content-Type=text/turtle, Charset=null => Turtle : Count=37 Triples=37 Quads=0
[2025-03-21 12:45:02] Fuseki     INFO  [3] 201 Created (62 ms)
[2025-03-21 12:45:02] Fuseki     INFO  [4] Body: Content-Length=10861, Content-Type=application/rdf+xml, Charset=null => RDF/XML : Count=83 Triples=83 Quads=0
[2025-03-21 12:45:02] Fuseki     INFO  [4] 201 Created (122 ms)
[2025-03-21 12:45:02] Fuseki     INFO  [5] Body: Content-Length=3098, Content-Type=text/turtle, Charset=null => Turtle : Count=36 Triples=36 Quads=0
[2025-03-21 12:45:02] Fuseki     INFO  [5] 201 Created (128 ms)
[2025-03-21 12:45:02] Fuseki     INFO  [6] Body: Content-Length=9338, Content-Type=application/rdf+xml, Charset=null => RDF/XML : Count=72 Triples=72 Quads=0
[2025-03-21 12:45:02] Fuseki     INFO  [6] 201 Created (142 ms)
[2025-03-21 12:45:02] Fuseki     INFO  [7] Body: Content-Length=5828, Content-Type=application/rdf+xml, Charset=null => RDF/XML : Count=45 Triples=45 Quads=0
[2025-03-21 12:45:02] Fuseki     INFO  [7] 201 Created (150 ms)
[2025-03-21 12:45:02] Fuseki     INFO  [8] Body: Content-Length=1265, Content-Type=application/rdf+xml, Charset=null => RDF/XML : Count=7 Triples=7 Quads=0
[2025-03-21 12:45:02] Fuseki     INFO  [8] 201 Created (154 ms)
[2025-03-21 12:45:02] Fuseki     INFO  [9] Body: Content-Length=3144, Content-Type=application/rdf+xml, Charset=null => RDF/XML : Count=15 Triples=15 Quads=0
[2025-03-21 12:45:02] Fuseki     INFO  [9] 201 Created (158 ms)
[2025-03-21 12:45:02] Fuseki     INFO  [10] Body: Content-Length=3326, Content-Type=application/rdf+xml, Charset=null => RDF/XML : Count=20 Triples=20 Quads=0
[2025-03-21 12:45:02] Fuseki     INFO  [10] 201 Created (164 ms)
[2025-03-21 12:45:02] Fuseki     INFO  [11] Body: Content-Length=4083, Content-Type=application/rdf+xml, Charset=null => RDF/XML : Count=27 Triples=27 Quads=0
[2025-03-21 12:45:02] Fuseki     INFO  [11] 201 Created (170 ms)
[2025-03-21 12:45:02] Fuseki     INFO  [12] GET http://localhost:3030/Actuator/sparql?query=PREFIX%20%20actuator:%20%3Chttp://example.com/actuator/vocabulary/actuator%23%3E%0APREFIX%20%20objectives:%20%3Chttp://example.com/actuator/description/objectives%23%3E%0APREFIX%20%20base:%20%3Chttp://example.com/actuator/vocabulary/base%23%3E%0A%0ASELECT%20DISTINCT%20%20?uc%0AWHERE%0A%20%20%7B%20?uc%20%20a%20%20actuator:UseCase%20%7D%0A
[2025-03-21 12:45:02] Fuseki     INFO  [13] GET http://localhost:3030/Actuator/sparql?query=PREFIX%20%20actuator:%20%3Chttp://example.com/actuator/vocabulary/actuator%23%3E%0APREFIX%20%20objectives:%20%3Chttp://example.com/actuator/description/objectives%23%3E%0APREFIX%20%20base:%20%3Chttp://example.com/actuator/vocabulary/base%23%3E%0A%0ASELECT%20DISTINCT%20%20?uc_id%20?uc_name%0AWHERE%0A%20%20%7B%20?uc%20%20a%20%20%20%20%20%20%20%20%20%20%20%20%20%20%20%20%20%20%20%20%20actuator:UseCase%20%3B%0A%20%20%20%20%20%20%20%20%20base:hasIdentifier%20%20%20%20?uc_id%20%3B%0A%20%20%20%20%20%20%20%20%20base:hasCanonicalName%20%20?uc_name%0A%20%20%7D%0AORDER%20BY%20?uc_id%0A
[2025-03-21 12:45:02] Fuseki     INFO  [14] GET http://localhost:3030/Actuator/sparql?query=PREFIX%20%20actuator:%20%3Chttp://example.com/actuator/vocabulary/actuator%23%3E%0APREFIX%20%20objectives:%20%3Chttp://example.com/actuator/description/objectives%23%3E%0APREFIX%20%20usecases:%20%3Chttp://example.com/actuator/description/usecases%23%3E%0APREFIX%20%20base:%20%3Chttp://example.com/actuator/vocabulary/base%23%3E%0A%0ASELECT%20%20?useCase%20?useCaseName%20?aggregatedUseCase%20?aggregatedUseCaseName%20?actor%20?actorName%0AWHERE%0A%20%20%7B%20?useCase%20%20a%20%20%20%20%20%20%20%20%20%20%20%20%20%20%20%20%20%20%20%20%20actuator:UseCase%20%3B%0A%20%20%20%20%20%20%20%20%20%20%20%20%20%20base:hasCanonicalName%20%20?useCaseName%0A%20%20%20%20OPTIONAL%0A%20%20%20%20%20%20%7B%20?useCase%20%20base:aggregates%20%20%20%20%20%20%20?aggregatedUseCase%20.%0A%20%20%20%20%20%20%20%20?aggregatedUseCase%0A%20%20%20%20%20%20%20%20%20%20%20%20%20%20%20%20%20%20base:hasCanonicalName%20%20?aggregatedUseCaseName%0A%20%20%20%20%20%20%7D%0A%20%20%20%20OPTIONAL%0A%20%20%20%20%20%20%7B%20?useCase%20%20actuator:InteractsWith%20%20?actor%20.%0A%20%20%20%20%20%20%20%20?actor%20%20%20%20base:hasCanonicalName%20%20?actorName%0A%20%20%20%20%20%20%7D%0A%20%20%7D%0AORDER%20BY%20?useCaseName%0A
[2025-03-21 12:45:02] Fuseki     INFO  [15] GET http://localhost:3030/Actuator/sparql?query=PREFIX%20%20actuator:%20%3Chttp://example.com/actuator/vocabulary/actuator%23%3E%0APREFIX%20%20objectives:%20%3Chttp://example.com/actuator/description/objectives%23%3E%0APREFIX%20%20usecases:%20%3Chttp://example.com/actuator/description/usecases%23%3E%0APREFIX%20%20base:%20%3Chttp://example.com/actuator/vocabulary/base%23%3E%0A%0ASELECT%20DISTINCT%20%20?uc1_id%20?uc1_name%20?uc2_id%20?uc2_name%0AWHERE%0A%20%20%7B%20?uc1%20%20a%20%20%20%20%20%20%20%20%20%20%20%20%20%20%20%20%20%20%20%20%20actuator:UseCase%20%3B%0A%20%20%20%20%20%20%20%20%20%20base:hasIdentifier%20%20%20%20?uc1_id%20%3B%0A%20%20%20%20%20%20%20%20%20%20base:hasCanonicalName%20%20?uc1_name%20%3B%0A%20%20%20%20%20%20%20%20%20%20base:aggregates%20%20%20%20%20%20%20?uc2%20.%0A%20%20%20%20?uc2%20%20base:hasIdentifier%20%20%20%20?uc2_id%20%3B%0A%20%20%20%20%20%20%20%20%20%20base:hasCanonicalName%20%20?uc2_name%0A%20%20%7D%0AORDER%20BY%20?uc1_id%20?uc2_id%0A
[2025-03-21 12:45:02] Fuseki     INFO  [13] Query = PREFIX  actuator: <http://example.com/actuator/vocabulary/actuator#> PREFIX  objectives: <http://example.com/actuator/description/objectives#> PREFIX  base: <http://example.com/actuator/vocabulary/base#>  SELECT DISTINCT  ?uc_id ?uc_name WHERE   { ?uc  a                     actuator:UseCase ;          base:hasIdentifier    ?uc_id ;          base:hasCanonicalName  ?uc_name   } ORDER BY ?uc_id 
[2025-03-21 12:45:02] Fuseki     INFO  [15] Query = PREFIX  actuator: <http://example.com/actuator/vocabulary/actuator#> PREFIX  objectives: <http://example.com/actuator/description/objectives#> PREFIX  usecases: <http://example.com/actuator/description/usecases#> PREFIX  base: <http://example.com/actuator/vocabulary/base#>  SELECT DISTINCT  ?uc1_id ?uc1_name ?uc2_id ?uc2_name WHERE   { ?uc1  a                     actuator:UseCase ;           base:hasIdentifier    ?uc1_id ;           base:hasCanonicalName  ?uc1_name ;           base:aggregates       ?uc2 .     ?uc2  base:hasIdentifier    ?uc2_id ;           base:hasCanonicalName  ?uc2_name   } ORDER BY ?uc1_id ?uc2_id 
[2025-03-21 12:45:02] Fuseki     INFO  [14] Query = PREFIX  actuator: <http://example.com/actuator/vocabulary/actuator#> PREFIX  objectives: <http://example.com/actuator/description/objectives#> PREFIX  usecases: <http://example.com/actuator/description/usecases#> PREFIX  base: <http://example.com/actuator/vocabulary/base#>  SELECT  ?useCase ?useCaseName ?aggregatedUseCase ?aggregatedUseCaseName ?actor ?actorName WHERE   { ?useCase  a                     actuator:UseCase ;               base:hasCanonicalName  ?useCaseName     OPTIONAL       { ?useCase  base:aggregates       ?aggregatedUseCase .         ?aggregatedUseCase                   base:hasCanonicalName  ?aggregatedUseCaseName       }     OPTIONAL       { ?useCase  actuator:InteractsWith  ?actor .         ?actor    base:hasCanonicalName  ?actorName       }   } ORDER BY ?useCaseName 
[2025-03-21 12:45:02] Fuseki     INFO  [12] Query = PREFIX  actuator: <http://example.com/actuator/vocabulary/actuator#> PREFIX  objectives: <http://example.com/actuator/description/objectives#> PREFIX  base: <http://example.com/actuator/vocabulary/base#>  SELECT DISTINCT  ?uc WHERE   { ?uc  a  actuator:UseCase } 
[2025-03-21 12:45:02] Fuseki     INFO  [12] 200 OK (80 ms)
[2025-03-21 12:45:02] Fuseki     INFO  [13] 200 OK (81 ms)
[2025-03-21 12:45:02] Fuseki     INFO  [14] 200 OK (81 ms)
[2025-03-21 12:45:02] Fuseki     INFO  [15] 200 OK (81 ms)
[2025-03-21 13:28:18] Fuseki     INFO  [16] GET http://localhost:3030/Actuator/sparql?query=select%20?g%20%7B%20graph%20?g%20%7B%20?o%20a%20%3Chttp://www.w3.org/2002/07/owl%23Ontology%3E%20%7D%20%7D
[2025-03-21 13:28:18] Fuseki     INFO  [16] Query = select ?g { graph ?g { ?o a <http://www.w3.org/2002/07/owl#Ontology> } }
[2025-03-21 13:28:18] Fuseki     INFO  [16] 200 OK (3 ms)
[2025-03-21 13:28:18] Fuseki     INFO  [17] PUT http://localhost:3030/Actuator?graph=http://example.com/actuator/description/usecases
[2025-03-21 13:28:18] Fuseki     INFO  [18] PUT http://localhost:3030/Actuator?graph=http://example.com/actuator/description/bundle
[2025-03-21 13:28:18] Fuseki     INFO  [19] PUT http://localhost:3030/Actuator?graph=http://example.com/actuator/description/bundle/properties
[2025-03-21 13:28:18] Fuseki     INFO  [21] PUT http://localhost:3030/Actuator?graph=http://purl.org/dc/elements/1.1
[2025-03-21 13:28:18] Fuseki     INFO  [20] PUT http://localhost:3030/Actuator?graph=http://example.com/actuator/description/bundle/classes
[2025-03-21 13:28:18] Fuseki     INFO  [22] PUT http://localhost:3030/Actuator?graph=http://example.com/actuator/vocabulary/actuator
[2025-03-21 13:28:18] Fuseki     INFO  [23] PUT http://localhost:3030/Actuator?graph=http://example.com/actuator/description/bundle/individuals
[2025-03-21 13:28:18] Fuseki     INFO  [24] PUT http://localhost:3030/Actuator?graph=http://example.com/actuator/vocabulary/base
[2025-03-21 13:28:18] Fuseki     INFO  [25] PUT http://localhost:3030/Actuator?graph=http://example.com/actuator/vocabulary/bundle
[2025-03-21 13:28:18] Fuseki     INFO  [26] PUT http://localhost:3030/Actuator?graph=http://example.com/actuator/description/objectives
[2025-03-21 13:28:18] Fuseki     INFO  [17] Body: Content-Length=9328, Content-Type=application/rdf+xml, Charset=null => RDF/XML : Count=72 Triples=72 Quads=0
[2025-03-21 13:28:18] Fuseki     INFO  [17] 200 OK (20 ms)
[2025-03-21 13:28:18] Fuseki     INFO  [18] Body: Content-Length=1265, Content-Type=application/rdf+xml, Charset=null => RDF/XML : Count=7 Triples=7 Quads=0
[2025-03-21 13:28:18] Fuseki     INFO  [18] 200 OK (20 ms)
[2025-03-21 13:28:18] Fuseki     INFO  [19] Body: Content-Length=3098, Content-Type=text/turtle, Charset=null => Turtle : Count=36 Triples=36 Quads=0
[2025-03-21 13:28:18] Fuseki     INFO  [19] 200 OK (25 ms)
[2025-03-21 13:28:18] Fuseki     INFO  [21] Body: Content-Length=4083, Content-Type=application/rdf+xml, Charset=null => RDF/XML : Count=27 Triples=27 Quads=0
[2025-03-21 13:28:18] Fuseki     INFO  [21] 200 OK (30 ms)
[2025-03-21 13:28:18] Fuseki     INFO  [20] Body: Content-Length=3039, Content-Type=text/turtle, Charset=null => Turtle : Count=37 Triples=37 Quads=0
[2025-03-21 13:28:18] Fuseki     INFO  [20] 200 OK (35 ms)
[2025-03-21 13:28:18] Fuseki     INFO  [22] Body: Content-Length=5828, Content-Type=application/rdf+xml, Charset=null => RDF/XML : Count=45 Triples=45 Quads=0
[2025-03-21 13:28:18] Fuseki     INFO  [22] 200 OK (41 ms)
[2025-03-21 13:28:18] Fuseki     INFO  [23] Body: Content-Length=10276, Content-Type=text/turtle, Charset=null => Turtle : Count=113 Triples=113 Quads=0
[2025-03-21 13:28:18] Fuseki     INFO  [23] 200 OK (47 ms)
[2025-03-21 13:28:18] Fuseki     INFO  [24] Body: Content-Length=10861, Content-Type=application/rdf+xml, Charset=null => RDF/XML : Count=83 Triples=83 Quads=0
[2025-03-21 13:28:18] Fuseki     INFO  [24] 200 OK (56 ms)
[2025-03-21 13:28:18] Fuseki     INFO  [25] Body: Content-Length=3326, Content-Type=application/rdf+xml, Charset=null => RDF/XML : Count=20 Triples=20 Quads=0
[2025-03-21 13:28:18] Fuseki     INFO  [25] 200 OK (61 ms)
[2025-03-21 13:28:18] Fuseki     INFO  [26] Body: Content-Length=3144, Content-Type=application/rdf+xml, Charset=null => RDF/XML : Count=15 Triples=15 Quads=0
[2025-03-21 13:28:18] Fuseki     INFO  [26] 200 OK (64 ms)
[2025-03-21 13:28:18] Fuseki     INFO  [27] GET http://localhost:3030/Actuator/sparql?query=PREFIX%20%20actuator:%20%3Chttp://example.com/actuator/vocabulary/actuator%23%3E%0APREFIX%20%20objectives:%20%3Chttp://example.com/actuator/description/objectives%23%3E%0APREFIX%20%20usecases:%20%3Chttp://example.com/actuator/description/usecases%23%3E%0APREFIX%20%20base:%20%3Chttp://example.com/actuator/vocabulary/base%23%3E%0A%0ASELECT%20DISTINCT%20%20?uc1_id%20?uc1_name%20?uc2_id%20?uc2_name%0AWHERE%0A%20%20%7B%20?uc1%20%20a%20%20%20%20%20%20%20%20%20%20%20%20%20%20%20%20%20%20%20%20%20actuator:UseCase%20%3B%0A%20%20%20%20%20%20%20%20%20%20base:hasIdentifier%20%20%20%20?uc1_id%20%3B%0A%20%20%20%20%20%20%20%20%20%20base:hasCanonicalName%20%20?uc1_name%20%3B%0A%20%20%20%20%20%20%20%20%20%20base:aggregates%20%20%20%20%20%20%20?uc2%20.%0A%20%20%20%20?uc2%20%20base:hasIdentifier%20%20%20%20?uc2_id%20%3B%0A%20%20%20%20%20%20%20%20%20%20base:hasCanonicalName%20%20?uc2_name%0A%20%20%7D%0AORDER%20BY%20?uc1_id%20?uc2_id%0A
[2025-03-21 13:28:18] Fuseki     INFO  [27] Query = PREFIX  actuator: <http://example.com/actuator/vocabulary/actuator#> PREFIX  objectives: <http://example.com/actuator/description/objectives#> PREFIX  usecases: <http://example.com/actuator/description/usecases#> PREFIX  base: <http://example.com/actuator/vocabulary/base#>  SELECT DISTINCT  ?uc1_id ?uc1_name ?uc2_id ?uc2_name WHERE   { ?uc1  a                     actuator:UseCase ;           base:hasIdentifier    ?uc1_id ;           base:hasCanonicalName  ?uc1_name ;           base:aggregates       ?uc2 .     ?uc2  base:hasIdentifier    ?uc2_id ;           base:hasCanonicalName  ?uc2_name   } ORDER BY ?uc1_id ?uc2_id 
[2025-03-21 13:28:18] Fuseki     INFO  [28] GET http://localhost:3030/Actuator/sparql?query=PREFIX%20%20actuator:%20%3Chttp://example.com/actuator/vocabulary/actuator%23%3E%0APREFIX%20%20objectives:%20%3Chttp://example.com/actuator/description/objectives%23%3E%0APREFIX%20%20usecases:%20%3Chttp://example.com/actuator/description/usecases%23%3E%0APREFIX%20%20base:%20%3Chttp://example.com/actuator/vocabulary/base%23%3E%0A%0ASELECT%20%20?useCase%20?useCaseName%20?aggregatedUseCase%20?aggregatedUseCaseName%20?actor%20?actorName%0AWHERE%0A%20%20%7B%20?useCase%20%20a%20%20%20%20%20%20%20%20%20%20%20%20%20%20%20%20%20%20%20%20%20actuator:UseCase%20%3B%0A%20%20%20%20%20%20%20%20%20%20%20%20%20%20base:hasCanonicalName%20%20?useCaseName%0A%20%20%20%20OPTIONAL%0A%20%20%20%20%20%20%7B%20?useCase%20%20base:aggregates%20%20%20%20%20%20%20?aggregatedUseCase%20.%0A%20%20%20%20%20%20%20%20?aggregatedUseCase%0A%20%20%20%20%20%20%20%20%20%20%20%20%20%20%20%20%20%20base:hasCanonicalName%20%20?aggregatedUseCaseName%0A%20%20%20%20%20%20%7D%0A%20%20%20%20OPTIONAL%0A%20%20%20%20%20%20%7B%20?useCase%20%20actuator:InteractsWith%20%20?actor%20.%0A%20%20%20%20%20%20%20%20?actor%20%20%20%20base:hasCanonicalName%20%20?actorName%0A%20%20%20%20%20%20%7D%0A%20%20%7D%0AORDER%20BY%20?useCaseName%0A
[2025-03-21 13:28:18] Fuseki     INFO  [29] GET http://localhost:3030/Actuator/sparql?query=PREFIX%20%20actuator:%20%3Chttp://example.com/actuator/vocabulary/actuator%23%3E%0APREFIX%20%20objectives:%20%3Chttp://example.com/actuator/description/objectives%23%3E%0APREFIX%20%20base:%20%3Chttp://example.com/actuator/vocabulary/base%23%3E%0A%0ASELECT%20DISTINCT%20%20?uc_id%20?uc_name%0AWHERE%0A%20%20%7B%20?uc%20%20a%20%20%20%20%20%20%20%20%20%20%20%20%20%20%20%20%20%20%20%20%20actuator:UseCase%20%3B%0A%20%20%20%20%20%20%20%20%20base:hasIdentifier%20%20%20%20?uc_id%20%3B%0A%20%20%20%20%20%20%20%20%20base:hasCanonicalName%20%20?uc_name%0A%20%20%7D%0AORDER%20BY%20?uc_id%0A
[2025-03-21 13:28:18] Fuseki     INFO  [28] Query = PREFIX  actuator: <http://example.com/actuator/vocabulary/actuator#> PREFIX  objectives: <http://example.com/actuator/description/objectives#> PREFIX  usecases: <http://example.com/actuator/description/usecases#> PREFIX  base: <http://example.com/actuator/vocabulary/base#>  SELECT  ?useCase ?useCaseName ?aggregatedUseCase ?aggregatedUseCaseName ?actor ?actorName WHERE   { ?useCase  a                     actuator:UseCase ;               base:hasCanonicalName  ?useCaseName     OPTIONAL       { ?useCase  base:aggregates       ?aggregatedUseCase .         ?aggregatedUseCase                   base:hasCanonicalName  ?aggregatedUseCaseName       }     OPTIONAL       { ?useCase  actuator:InteractsWith  ?actor .         ?actor    base:hasCanonicalName  ?actorName       }   } ORDER BY ?useCaseName 
[2025-03-21 13:28:18] Fuseki     INFO  [29] Query = PREFIX  actuator: <http://example.com/actuator/vocabulary/actuator#> PREFIX  objectives: <http://example.com/actuator/description/objectives#> PREFIX  base: <http://example.com/actuator/vocabulary/base#>  SELECT DISTINCT  ?uc_id ?uc_name WHERE   { ?uc  a                     actuator:UseCase ;          base:hasIdentifier    ?uc_id ;          base:hasCanonicalName  ?uc_name   } ORDER BY ?uc_id 
[2025-03-21 13:28:18] Fuseki     INFO  [30] GET http://localhost:3030/Actuator/sparql?query=PREFIX%20%20actuator:%20%3Chttp://example.com/actuator/vocabulary/actuator%23%3E%0APREFIX%20%20objectives:%20%3Chttp://example.com/actuator/description/objectives%23%3E%0APREFIX%20%20base:%20%3Chttp://example.com/actuator/vocabulary/base%23%3E%0A%0ASELECT%20DISTINCT%20%20?uc%0AWHERE%0A%20%20%7B%20?uc%20%20a%20%20actuator:UseCase%20%7D%0A
[2025-03-21 13:28:18] Fuseki     INFO  [30] Query = PREFIX  actuator: <http://example.com/actuator/vocabulary/actuator#> PREFIX  objectives: <http://example.com/actuator/description/objectives#> PREFIX  base: <http://example.com/actuator/vocabulary/base#>  SELECT DISTINCT  ?uc WHERE   { ?uc  a  actuator:UseCase } 
[2025-03-21 13:28:18] Fuseki     INFO  [30] 200 OK (2 ms)
[2025-03-21 13:28:18] Fuseki     INFO  [29] 200 OK (3 ms)
[2025-03-21 13:28:18] Fuseki     INFO  [27] 200 OK (3 ms)
[2025-03-21 13:28:18] Fuseki     INFO  [28] 200 OK (7 ms)
